[debug] [2024-01-31T13:07:58.003Z] ----------------------------------------------------------------------
[debug] [2024-01-31T13:07:58.007Z] Command:       C:\Program Files\nodejs\node.exe C:\Users\Fakrul Islam\AppData\Roaming\npm\node_modules\firebase-tools\lib\bin\firebase.js init
[debug] [2024-01-31T13:07:58.007Z] CLI Version:   13.0.2
[debug] [2024-01-31T13:07:58.007Z] Platform:      win32
[debug] [2024-01-31T13:07:58.008Z] Node Version:  v20.10.0
[debug] [2024-01-31T13:07:58.008Z] Time:          Wed Jan 31 2024 19:07:58 GMT+0600 (Bangladesh Standard Time)
[debug] [2024-01-31T13:07:58.008Z] ----------------------------------------------------------------------
[debug] 
[debug] [2024-01-31T13:07:58.012Z] >>> [apiv2][query] GET https://firebase-public.firebaseio.com/cli.json [none]
[debug] [2024-01-31T13:07:58.087Z] > command requires scopes: ["email","openid","https://www.googleapis.com/auth/cloudplatformprojects.readonly","https://www.googleapis.com/auth/firebase","https://www.googleapis.com/auth/cloud-platform"]
[debug] [2024-01-31T13:07:58.087Z] > authorizing via signed-in user (fislamc6@gmail.com)
[info] 
     ######## #### ########  ######## ########     ###     ######  ########
     ##        ##  ##     ## ##       ##     ##  ##   ##  ##       ##
     ######    ##  ########  ######   ########  #########  ######  ######
     ##        ##  ##    ##  ##       ##     ## ##     ##       ## ##
     ##       #### ##     ## ######## ########  ##     ##  ######  ########

You're about to initialize a Firebase project in this directory:

  D:\Projects\Assignment\Assinment Submitted\11\rr-travely-node-mongo-server

[debug] [2024-01-31T13:07:58.773Z] <<< [apiv2][status] GET https://firebase-public.firebaseio.com/cli.json 200
[debug] [2024-01-31T13:07:58.774Z] <<< [apiv2][body] GET https://firebase-public.firebaseio.com/cli.json {"cloudBuildErrorAfter":1594252800000,"cloudBuildWarnAfter":1590019200000,"defaultNode10After":1594252800000,"minVersion":"3.0.5","node8DeploysDisabledAfter":1613390400000,"node8RuntimeDisabledAfter":1615809600000,"node8WarnAfter":1600128000000}
